1605384412240	geckodriver	INFO	Listening on 127.0.0.1:61016
1605384415276	mozrunner::runner	INFO	Running command: "C:\\Program Files\\Mozilla Firefox\\firefox.exe" "--marionette" "-foreground" "-no-remote" "-profile" "C:\\Users\\40761\\AppData\\Local\\Temp\\rust_mozprofile2vbqD3"
Can't find symbol 'eglSwapBuffersWithDamageEXT'.
JavaScript error: resource://gre/modules/XULStore.jsm, line 66: Error: Can't find profile directory.
console.warn: SearchSettings: "get: No settings file exists, new profile?" (new Error("", "(unknown module)"))
1605384419308	Marionette	INFO	Listening on port 61024
1605384419484	Marionette	WARN	TLS certificate errors will be ignored for this session
1605384429783	Marionette	INFO	Stopped listening on port 61024

###!!! [Child][MessageChannel::SendAndWait] Error: Channel error: cannot send/recv

1605384719992	geckodriver	INFO	Listening on 127.0.0.1:61074
1605384723052	mozrunner::runner	INFO	Running command: "C:\\Program Files\\Mozilla Firefox\\firefox.exe" "--marionette" "-foreground" "-no-remote" "-profile" "C:\\Users\\40761\\AppData\\Local\\Temp\\rust_mozprofilej48Kcw"
Can't find symbol 'eglSwapBuffersWithDamageEXT'.
JavaScript error: resource://gre/modules/XULStore.jsm, line 66: Error: Can't find profile directory.
console.warn: SearchSettings: "get: No settings file exists, new profile?" (new Error("", "(unknown module)"))
1605384725871	Marionette	INFO	Listening on port 61082
1605384726234	Marionette	WARN	TLS certificate errors will be ignored for this session
1605384840519	Marionette	INFO	Stopped listening on port 61082

###!!! [Child][RunMessage] Error: Channel closing: too late to send/recv, messages will be lost


###!!! [Child][MessageChannel::SendAndWait] Error: Channel error: cannot send/recv

1605384842075	geckodriver	INFO	Listening on 127.0.0.1:61131
1605384845190	mozrunner::runner	INFO	Running command: "C:\\Program Files\\Mozilla Firefox\\firefox.exe" "--marionette" "-foreground" "-no-remote" "-profile" "C:\\Users\\40761\\AppData\\Local\\Temp\\rust_mozprofile4mE8C3"
Can't find symbol 'eglSwapBuffersWithDamageEXT'.
JavaScript error: resource://gre/modules/XULStore.jsm, line 66: Error: Can't find profile directory.
console.warn: SearchSettings: "get: No settings file exists, new profile?" (new Error("", "(unknown module)"))
1605384848081	Marionette	INFO	Listening on port 61139
1605384848375	Marionette	WARN	TLS certificate errors will be ignored for this session
1605385547046	Marionette	INFO	Stopped listening on port 61139

###!!! [Child][RunMessage] Error: Channel closing: too late to send/recv, messages will be lost


###!!! [Child][MessageChannel::SendAndWait] Error: Channel error: cannot send/recv

Temp\\rust_mozprofile9H40hb"
Can't find symbol 'eglSwapBuffersWithDamageEXT'.
JavaScript error: resource://gre/modules/XULStore.jsm, line 66: Error: Can't find profile directory.
console.warn: SearchSettings: "get: No settings file exists, new profile?" (new Error("", "(unknown module)"))
1605385238350	Marionette	INFO	Listening on port 61340
1605385238711	Marionette	WARN	TLS certificate errors will be ignored for this session
1605385245066	Marionette	INFO	Stopped listening on port 61340

###!!! [Child][RunMessage] Error: Channel closing: too late to send/recv, messages will be lost


###!!! [Child][MessageChannel::SendAndWait] Error: Channel error: cannot send/recv

1605385253000	geckodriver	INFO	Listening on 127.0.0.1:61380
1605385256069	mozrunner::runner	INFO	Running command: "C:\\Program Files\\Mozilla Firefox\\firefox.exe" "--marionette" "-foreground" "-no-remote" "-profile" "C:\\Users\\40761\\AppData\\Local\\Temp\\rust_mozprofile1FGxgD"
Can't find symbol 'eglSwapBuffersWithDamageEXT'.
JavaScript error: resource://gre/modules/XULStore.jsm, line 66: Error: Can't find profile directory.
console.warn: SearchSettings: "get: No settings file exists, new profile?" (new Error("", "(unknown module)"))
1605385259049	Marionette	INFO	Listening on port 61388
1605385259231	Marionette	WARN	TLS certificate errors will be ignored for this session
1605385261069	Marionette	INFO	Stopped listening on port 61388

###!!! [Child][RunMessage] Error: Channel closing: too late to send/recv, messages will be lost


###!!! [Child][MessageChannel::SendAndWait] Error: Channel error: cannot send/recv

1605385276975	geckodriver	INFO	Listening on 127.0.0.1:61424
1605385280028	mozrunner::runner	INFO	Running command: "C:\\Program Files\\Mozilla Firefox\\firefox.exe" "--marionette" "-foreground" "-no-remote" "-profile" "C:\\Users\\40761\\AppData\\Local\\Temp\\rust_mozprofileNXt2NC"
Can't find symbol 'eglSwapBuffersWithDamageEXT'.
JavaScript error: resource://gre/modules/XULStore.jsm, line 66: Error: Can't find profile directory.
console.warn: SearchSettings: "get: No settings file exists, new profile?" (new Error("", "(unknown module)"))
console.error: Region.jsm: "Error fetching region" (new TypeError("NetworkError when attempting to fetch resource.", ""))
console.error: Region.jsm: "Failed to fetch region" (new Error("NO_RESULT", "resource://gre/modules/Region.jsm", 351))

###!!! [Child][RunMessage] Error: Channel closing: too late to send/recv, messages will be lost


###!!! [Child][MessageChannel::SendAndWait] Error: Channel error: cannot send/recv

1605385300083	geckodriver	INFO	Listening on 127.0.0.1:61455
1605385303183	mozrunner::runner	INFO	Running command: "C:\\Program Files\\Mozilla Firefox\\firefox.exe" "--marionette" "-foreground" "-no-remote" "-profile" "C:\\Users\\40761\\AppData\\Local\\Temp\\rust_mozprofileHAttdt"
Can't find symbol 'eglSwapBuffersWithDamageEXT'.
JavaScript error: resource://gre/modules/XULStore.jsm, line 66: Error: Can't find profile directory.
console.warn: SearchSettings: "get: No settings file exists, new profile?" (new Error("", "(unknown module)"))
1605385306049	Marionette	INFO	Listening on port 61463
1605385306370	Marionette	WARN	TLS certificate errors will be ignored for this session
1605385308162	Marionette	INFO	Stopped listening on port 61463

###!!! [Child][RunMessage] Error: Channel closing: too late to send/recv, messages will be lost


###!!! [Child][MessageChannel::SendAndWait] Error: Channel error: cannot send/recv

1605385326653	geckodriver	INFO	Listening on 127.0.0.1:61502
1605385329752	mozrunner::runner	INFO	Running command: "C:\\Program Files\\Mozilla Firefox\\firefox.exe" "--marionette" "-foreground" "-no-remote" "-profile" "C:\\Users\\40761\\AppData\\Local\\Temp\\rust_mozprofilelpWyRz"
Can't find symbol 'eglSwapBuffersWithDamageEXT'.
JavaScript error: resource://gre/modules/XULStore.jsm, line 66: Error: Can't find profile directory.
console.warn: SearchSettings: "get: No settings file exists, new profile?" (new Error("", "(unknown module)"))
1605385332677	Marionette	INFO	Listening on port 61510
console.error: Region.jsm: "Error fetching region" (new TypeError("NetworkError when attempting to fetch resource.", ""))
console.error: Region.jsm: "Failed to fetch region" (new Error("NO_RESULT", "resource://gre/modules/Region.jsm", 351))
1605385332847	Marionette	INFO	Stopped listening on port 61510

###!!! [Child][RunMessage] Error: Channel closing: too late to send/recv, messages will be lost


###!!! [Child][MessageChannel::SendAndWait] Error: Channel error: cannot send/recv

1605385571063	geckodriver	INFO	Listening on 127.0.0.1:61635
1605385574103	mozrunner::runner	INFO	Running command: "C:\\Program Files\\Mozilla Firefox\\firefox.exe" "--marionette" "-foreground" "-no-remote" "-profile" "C:\\Users\\40761\\AppData\\Local\\Temp\\rust_mozprofilezGOzOw"
Can't find symbol 'eglSwapBuffersWithDamageEXT'.
JavaScript error: resource://gre/modules/XULStore.jsm, line 66: Error: Can't find profile directory.
console.warn: SearchSettings: "get: No settings file exists, new profile?" (new Error("", "(unknown module)"))
1605385577013	Marionette	INFO	Listening on port 61643
1605385577300	Marionette	WARN	TLS certificate errors will be ignored for this session
JavaScript warning: https://www.googletagmanager.com/gtm.js?id=GTM-TKS335, line 1: unreachable code after return statement
Can't find symbol 'eglSwapBuffersWithDamageEXT'.
1605386852610	Marionette	INFO	Stopped listening on port 61643

###!!! [Child][RunMessage] Error: Channel closing: too late to send/recv, messages will be lost


###!!! [Child][MessageChannel::SendAndWait] Error: Channel error: cannot send/recv

Temp\\rust_mozprofileKwKyRC"
Can't find symbol 'eglSwapBuffersWithDamageEXT'.
JavaScript error: resource://gre/modules/XULStore.jsm, line 66: Error: Can't find profile directory.
console.warn: SearchSettings: "get: No settings file exists, new profile?" (new Error("", "(unknown module)"))
1605386814899	Marionette	INFO	Listening on port 50641
1605386815122	Marionette	WARN	TLS certificate errors will be ignored for this session
1605386851163	Marionette	INFO	Stopped listening on port 50641

###!!! [Child][RunMessage] Error: Channel closing: too late to send/recv, messages will be lost


###!!! [Child][MessageChannel::SendAndWait] Error: Channel error: cannot send/recv

Temp\\rust_mozprofilehtbmgk"
Can't find symbol 'eglSwapBuffersWithDamageEXT'.
JavaScript error: resource://gre/modules/XULStore.jsm, line 66: Error: Can't find profile directory.
console.warn: SearchSettings: "get: No settings file exists, new profile?" (new Error("", "(unknown module)"))
1605386830003	Marionette	INFO	Listening on port 50698
1605386830294	Marionette	WARN	TLS certificate errors will be ignored for this session
JavaScript warning: https://www.googletagmanager.com/gtm.js?id=GTM-TKS335, line 1: unreachable code after return statement
JavaScript error: https://www.gstatic.com/recaptcha/releases/rCr6uVkhcBxHr-Uhry4bcSYc/recaptcha__ro.js, line 269: uncaught exception: CustomError: Error in protected function: Invalid JSON string: 
Can't find symbol 'eglSwapBuffersWithDamageEXT'.
1605387718021	Marionette	INFO	Stopped listening on port 50698

###!!! [Child][RunMessage] Error: Channel closing: too late to send/recv, messages will be lost


###!!! [Child][MessageChannel::SendAndWait] Error: Channel error: cannot send/recv

Temp\\rust_mozprofilefV7EEQ"
Can't find symbol 'eglSwapBuffersWithDamageEXT'.
JavaScript error: resource://gre/modules/XULStore.jsm, line 66: Error: Can't find profile directory.
console.warn: SearchSettings: "get: No settings file exists, new profile?" (new Error("", "(unknown module)"))
1605387521937	Marionette	INFO	Listening on port 51002
1605387522210	Marionette	WARN	TLS certificate errors will be ignored for this session
1605387717064	Marionette	INFO	Stopped listening on port 51002

###!!! [Child][RunMessage] Error: Channel closing: too late to send/recv, messages will be lost


###!!! [Child][MessageChannel::SendAndWait] Error: Channel error: cannot send/recv

1605387718471	geckodriver	INFO	Listening on 127.0.0.1:51054
1605387721553	mozrunner::runner	INFO	Running command: "C:\\Program Files\\Mozilla Firefox\\firefox.exe" "--marionette" "-foreground" "-no-remote" "-profile" "C:\\Users\\40761\\AppData\\Local\\Temp\\rust_mozprofileTc6Nkj"
Can't find symbol 'eglSwapBuffersWithDamageEXT'.
1605387723679	geckodriver	INFO	Listening on 127.0.0.1:51067
1605387726741	mozrunner::runner	INFO	Running command: "C:\\Program Files\\Mozilla Firefox\\firefox.exe" "--marionette" "-foreground" "-no-remote" "-profile" "C:\\Users\\40761\\AppData\\Local\\Temp\\rust_mozprofile4rVrjD"
Can't find symbol 'eglSwapBuffersWithDamageEXT'.
JavaScript error: resource://gre/modules/XULStore.jsm, line 66: Error: Can't find profile directory.
console.warn: SearchSettings: "get: No settings file exists, new profile?" (new Error("", "(unknown module)"))
1605387731460	Marionette	INFO	Listening on port 51075
1605387731589	Marionette	WARN	TLS certificate errors will be ignored for this session
1605387737063	Marionette	INFO	Stopped listening on port 51075

###!!! [Child][RunMessage] Error: Channel closing: too late to send/recv, messages will be lost


###!!! [Child][MessageChannel::SendAndWait] Error: Channel error: cannot send/recv

1605387772658	geckodriver	INFO	Listening on 127.0.0.1:51115
1605387775701	mozrunner::runner	INFO	Running command: "C:\\Program Files\\Mozilla Firefox\\firefox.exe" "--marionette" "-foreground" "-no-remote" "-profile" "C:\\Users\\40761\\AppData\\Local\\Temp\\rust_mozprofileUOmNTd"
Can't find symbol 'eglSwapBuffersWithDamageEXT'.
JavaScript error: resource://gre/modules/XULStore.jsm, line 66: Error: Can't find profile directory.
console.warn: SearchSettings: "get: No settings file exists, new profile?" (new Error("", "(unknown module)"))
1605387780677	Marionette	INFO	Listening on port 51127
1605387781037	Marionette	WARN	TLS certificate errors will be ignored for this session
1605387849181	Marionette	INFO	Stopped listening on port 51127

###!!! [Child][RunMessage] Error: Channel closing: too late to send/recv, messages will be lost


###!!! [Child][MessageChannel::SendAndWait] Error: Channel error: cannot send/recv

1605387850600	geckodriver	INFO	Listening on 127.0.0.1:51175
1605387853658	mozrunner::runner	INFO	Running command: "C:\\Program Files\\Mozilla Firefox\\firefox.exe" "--marionette" "-foreground" "-no-remote" "-profile" "C:\\Users\\40761\\AppData\\Local\\Temp\\rust_mozprofileFuTHf0"
Can't find symbol 'eglSwapBuffersWithDamageEXT'.
JavaScript error: resource://gre/modules/XULStore.jsm, line 66: Error: Can't find profile directory.
console.warn: SearchSettings: "get: No settings file exists, new profile?" (new Error("", "(unknown module)"))
1605387858425	Marionette	INFO	Listening on port 51183
1605387858530	Marionette	WARN	TLS certificate errors will be ignored for this session
1605388047466	Marionette	INFO	Stopped listening on port 51183

###!!! [Child][RunMessage] Error: Channel closing: too late to send/recv, messages will be lost


###!!! [Child][MessageChannel::SendAndWait] Error: Channel error: cannot send/recv

